proguard/seeds.txt
com.mcxsuregain.activity.LoginActivity
com.mcxsuregain.activity.LoginActivity: LoginActivity()
com.mcxsuregain.activity.MainTabActivity
com.mcxsuregain.activity.MainTabActivity: MainTabActivity()
com.mcxsuregain.activity.R$anim: int abc_fade_in
com.mcxsuregain.activity.R$anim: int abc_fade_out
com.mcxsuregain.activity.R$anim: int abc_slide_in_bottom
com.mcxsuregain.activity.R$anim: int abc_slide_in_top
com.mcxsuregain.activity.R$anim: int abc_slide_out_bottom
com.mcxsuregain.activity.R$anim: int abc_slide_out_top
com.mcxsuregain.activity.R$attr: int actionBarDivider
com.mcxsuregain.activity.R$attr: int actionBarItemBackground
com.mcxsuregain.activity.R$attr: int actionBarPopupTheme
com.mcxsuregain.activity.R$attr: int actionBarSize
com.mcxsuregain.activity.R$attr: int actionBarSplitStyle
com.mcxsuregain.activity.R$attr: int actionBarStyle
com.mcxsuregain.activity.R$attr: int actionBarTabBarStyle
com.mcxsuregain.activity.R$attr: int actionBarTabStyle
com.mcxsuregain.activity.R$attr: int actionBarTabTextStyle
com.mcxsuregain.activity.R$attr: int actionBarTheme
com.mcxsuregain.activity.R$attr: int actionBarWidgetTheme
com.mcxsuregain.activity.R$attr: int actionButtonStyle
com.mcxsuregain.activity.R$attr: int actionDropDownStyle
com.mcxsuregain.activity.R$attr: int actionLayout
com.mcxsuregain.activity.R$attr: int actionMenuTextAppearance
com.mcxsuregain.activity.R$attr: int actionMenuTextColor
com.mcxsuregain.activity.R$attr: int actionModeBackground
com.mcxsuregain.activity.R$attr: int actionModeCloseButtonStyle
com.mcxsuregain.activity.R$attr: int actionModeCloseDrawable
com.mcxsuregain.activity.R$attr: int actionModeCopyDrawable
com.mcxsuregain.activity.R$attr: int actionModeCutDrawable
com.mcxsuregain.activity.R$attr: int actionModeFindDrawable
com.mcxsuregain.activity.R$attr: int actionModePasteDrawable
com.mcxsuregain.activity.R$attr: int actionModePopupWindowStyle
com.mcxsuregain.activity.R$attr: int actionModeSelectAllDrawable
com.mcxsuregain.activity.R$bool: int abc_action_bar_embed_tabs
com.mcxsuregain.activity.R$bool: int abc_action_bar_embed_tabs_pre_jb
com.mcxsuregain.activity.R$bool: int abc_action_bar_expanded_action_views_exclusive
com.mcxsuregain.activity.R$bool: int abc_config_actionMenuItemAllCaps
com.mcxsuregain.activity.R$bool: int abc_config_allowActionMenuItemTextWithIcon
com.mcxsuregain.activity.R$bool: int abc_config_showMenuShortcutsWhenKeyboardPresent
com.mcxsuregain.activity.R$color: int abc_background_cache_hint_selector_material_dark
com.mcxsuregain.activity.R$color: int abc_background_cache_hint_selector_material_light
com.mcxsuregain.activity.R$color: int abc_input_method_navigation_guard
com.mcxsuregain.activity.R$color: int abc_primary_text_disable_only_material_dark
com.mcxsuregain.activity.R$color: int abc_primary_text_disable_only_material_light
com.mcxsuregain.activity.R$color: int abc_primary_text_material_dark
com.mcxsuregain.activity.R$color: int abc_primary_text_material_light
com.mcxsuregain.activity.R$color: int abc_search_url_text
com.mcxsuregain.activity.R$color: int abc_search_url_text_normal
com.mcxsuregain.activity.R$color: int abc_search_url_text_pressed
com.mcxsuregain.activity.R$color: int abc_search_url_text_selected
com.mcxsuregain.activity.R$color: int abc_secondary_text_material_dark
com.mcxsuregain.activity.R$color: int abc_secondary_text_material_light
com.mcxsuregain.activity.R$color: int accent_material_dark
com.mcxsuregain.activity.R$color: int accent_material_light
com.mcxsuregain.activity.R$color: int background_floating_material_dark
com.mcxsuregain.activity.R$color: int background_floating_material_light
com.mcxsuregain.activity.R$color: int background_material_dark
com.mcxsuregain.activity.R$color: int background_material_light
com.mcxsuregain.activity.R$color: int bright_foreground_disabled_material_dark
...
android.support.v7.appcompat.R$color: int abc_background_cache_hint_selector_material_dark
android.support.v7.appcompat.R$color: int abc_background_cache_hint_selector_material_light
android.support.v7.appcompat.R$color: int abc_input_method_navigation_guard
android.support.v7.appcompat.R$color: int abc_primary_text_disable_only_material_dark
android.support.v7.appcompat.R$color: int abc_primary_text_disable_only_material_light
android.support.v7.appcompat.R$color: int abc_primary_text_material_dark
android.support.v7.appcompat.R$color: int abc_primary_text_material_light
android.support.v7.appcompat.R$color: int abc_search_url_text
android.support.v7.appcompat.R$color: int abc_search_url_text_normal
android.support.v7.appcompat.R$color: int abc_search_url_text_pressed
android.support.v7.appcompat.R$color: int abc_search_url_text_selected
android.support.v7.appcompat.R$color: int abc_secondary_text_material_dark
android.support.v7.appcompat.R$color: int abc_secondary_text_material_light
android.support.v7.appcompat.R$color: int accent_material_dark
android.support.v7.appcompat.R$color: int accent_material_light
android.support.v7.appcompat.R$color: int background_floating_material_dark
android.support.v7.appcompat.R$color: int background_floating_material_light
android.support.v7.appcompat.R$color: int background_material_dark
android.support.v7.appcompat.R$color: int background_material_light
android.support.v7.appcompat.R$dimen: int abc_action_bar_default_height_material
android.support.v7.appcompat.R$dimen: int abc_action_bar_default_padding_material
android.support.v7.appcompat.R$dimen: int abc_action_bar_icon_vertical_padding_material
android.support.v7.appcompat.R$dimen: int abc_action_bar_progress_bar_size
android.support.v7.appcompat.R$dimen: int abc_action_bar_stacked_max_height
android.support.v7.appcompat.R$dimen: int abc_action_bar_stacked_tab_max_width
android.support.v7.appcompat.R$dimen: int abc_action_bar_subtitle_bottom_margin_material
android.support.v7.appcompat.R$dimen: int abc_action_bar_subtitle_top_margin_material
android.support.v7.appcompat.R$dimen: int abc_action_button_min_height_material
android.support.v7.appcompat.R$dimen: int abc_action_button_min_width_material
android.support.v7.appcompat.R$dimen: int abc_action_button_min_width_overflow_material
android.support.v7.appcompat.R$dimen: int abc_config_prefDialogWidth
android.support.v7.appcompat.R$dimen: int abc_control_inset_material
android.support.v7.appcompat.R$dimen: int abc_control_padding_material
android.support.v7.appcompat.R$dimen: int abc_dropdownitem_icon_width
android.support.v7.appcompat.R$dimen: int abc_dropdownitem_text_padding_left
android.support.v7.appcompat.R$dimen: int abc_dropdownitem_text_padding_right
android.support.v7.appcompat.R$dimen: int abc_panel_menu_list_width
android.support.v7.appcompat.R$dimen: int abc_search_view_preferred_width