proguard/mapping.txt
com.mcxsuregain.activity.AccountContainer -> com.mcxsuregain.activity.a:
    android.view.View v -> aa
    android.widget.TextView imageLogOut -> ab
    com.mcxsuregain.utils.Utils utils -> ac
    android.widget.TextView textName -> ad
    android.widget.TextView textMobile -> ae
    android.widget.TextView textCity -> af
    android.widget.TextView textRegDate -> ag
    android.widget.TextView textVaildDate -> ah
    android.widget.TextView textDaysRem -> ai
    void onCreate(android.os.Bundle) -> c
    android.view.View onCreateView(android.view.LayoutInflater,android.view.ViewGroup,android.os.Bundle) -> a
    java.lang.String getconvertdate(java.lang.String) -> a
    void setViews() -> J
    void onActivityCreated(android.os.Bundle) -> d
    void passwordDialog() -> I
    long daysBetween(java.lang.String) -> b
    java.util.Calendar getDatePart(java.util.Date) -> a
    void onDestroy() -> n
    com.mcxsuregain.utils.Utils access$0(com.mcxsuregain.activity.AccountContainer) -> a
com.mcxsuregain.activity.AccountContainer$1 -> com.mcxsuregain.activity.b:
    com.mcxsuregain.activity.AccountContainer this$0 -> a
    void onClick(android.view.View) -> onClick
    com.mcxsuregain.activity.AccountContainer access$0(com.mcxsuregain.activity.AccountContainer$1) -> a
com.mcxsuregain.activity.AccountContainer$1$1 -> com.mcxsuregain.activity.c:
    com.mcxsuregain.activity.AccountContainer$1 this$1 -> a
    void onClick(android.content.DialogInterface,int) -> onClick
com.mcxsuregain.activity.AccountContainer$1$2 -> com.mcxsuregain.activity.d:
    com.mcxsuregain.activity.AccountContainer$1 this$1 -> a
    void onClick(android.content.DialogInterface,int) -> onClick
com.mcxsuregain.activity.AccountContainer$2 -> com.mcxsuregain.activity.e:
    com.mcxsuregain.activity.AccountContainer this$0 -> a
    void onClick(android.view.View) -> onClick
com.mcxsuregain.activity.AccountContainer$3 -> com.mcxsuregain.activity.f:
    com.mcxsuregain.activity.AccountContainer this$0 -> a
    android.widget.EditText val$edtCurrentPass -> b
    android.widget.EditText val$edtNewPass -> c
    android.widget.EditText val$edtConfirmPass -> d
    android.app.Dialog val$dialog -> e
    void onClick(android.view.View) -> onClick
com.mcxsuregain.activity.AccountContainer$synchpass -> com.mcxsuregain.activity.g:
    android.app.ProgressDialog dialog -> a
    java.lang.String cpass -> b
    java.lang.String Confirmpass -> c
    com.mcxsuregain.activity.AccountContainer this$0 -> d
    void onPreExecute() -> onPreExecute
    java.lang.String doInBackground(java.lang.Void[]) -> a
    void onPostExecute(java.lang.String) -> a
    void onPostExecute(java.lang.Object) -> onPostExecute
    java.lang.Object doInBackground(java.lang.Object[]) -> doInBackground
...
android.support.v7.internal.widget.ToolbarWidgetWrapper$3 -> android.support.v7.internal.widget.bf:
    android.support.v7.internal.widget.ToolbarWidgetWrapper this$0 -> a
    void onAnimationStart(android.view.View) -> a
android.support.v7.internal.widget.ViewStubCompat -> android.support.v7.internal.widget.ViewStubCompat:
    int mLayoutResource -> a
    int mInflatedId -> b
    java.lang.ref.WeakReference mInflatedViewRef -> c
    android.view.LayoutInflater mInflater -> d
    android.support.v7.internal.widget.ViewStubCompat$OnInflateListener mInflateListener -> e
    int getInflatedId() -> getInflatedId
    void setInflatedId(int) -> setInflatedId
    int getLayoutResource() -> getLayoutResource
    void setLayoutResource(int) -> setLayoutResource
    void setLayoutInflater(android.view.LayoutInflater) -> setLayoutInflater
    android.view.LayoutInflater getLayoutInflater() -> getLayoutInflater
    void onMeasure(int,int) -> onMeasure
    void draw(android.graphics.Canvas) -> draw
    void dispatchDraw(android.graphics.Canvas) -> dispatchDraw
    void setVisibility(int) -> setVisibility
    android.view.View inflate() -> a
    void setOnInflateListener(android.support.v7.internal.widget.ViewStubCompat$OnInflateListener) -> setOnInflateListener
android.support.v7.internal.widget.ViewStubCompat$OnInflateListener -> android.support.v7.internal.widget.bg:
    void onInflate(android.support.v7.internal.widget.ViewStubCompat,android.view.View) -> a
android.support.v7.internal.widget.ViewUtils -> android.support.v7.internal.widget.bh:
    java.lang.reflect.Method sComputeFitSystemWindowsMethod -> a
    boolean isLayoutRtl(android.view.View) -> a
    int combineMeasuredStates(int,int) -> a
    void computeFitSystemWindows(android.view.View,android.graphics.Rect,android.graphics.Rect) -> a
    void makeOptionalFitsSystemWindows(android.view.View) -> b
android.support.v7.view.ActionMode -> android.support.v7.b.a:
    java.lang.Object mTag -> a
    boolean mTitleOptionalHint -> b
    void setTag(java.lang.Object) -> a
    java.lang.Object getTag() -> j
    void setTitle(java.lang.CharSequence) -> b
    void setTitle(int) -> a
    void setSubtitle(java.lang.CharSequence) -> a
    void setSubtitle(int) -> b
    void setTitleOptionalHint(boolean) -> a
    boolean getTitleOptionalHint() -> k
    boolean isTitleOptional() -> h
    void setCustomView(android.view.View) -> a
    void invalidate() -> d
    void finish() -> c
    android.view.Menu getMenu() -> b
    java.lang.CharSequence getTitle() -> f
    java.lang.CharSequence getSubtitle() -> g
    android.view.View getCustomView() -> i
    android.view.MenuInflater getMenuInflater() -> a
android.support.v7.view.ActionMode$Callback -> android.support.v7.b.b:
    boolean onCreateActionMode(android.support.v7.view.ActionMode,android.view.Menu) -> a
    boolean onPrepareActionMode(android.support.v7.view.ActionMode,android.view.Menu) -> b
    boolean onActionItemClicked(android.support.v7.view.ActionMode,android.view.MenuItem) -> a
    void onDestroyActionMode(android.support.v7.view.ActionMode) -> a
android.support.v7.view.CollapsibleActionView -> android.support.v7.b.c:
    void onActionViewExpanded() -> a
    void onActionViewCollapsed() -> b