proguard/usage.txt
com.mcxsuregain.activity.BuildConfig
com.mcxsuregain.activity.R
com.mcxsuregain.activity.R$anim
com.mcxsuregain.activity.R$attr
com.mcxsuregain.activity.R$bool
com.mcxsuregain.activity.R$color
com.mcxsuregain.activity.R$dimen
com.mcxsuregain.activity.R$drawable
com.mcxsuregain.activity.R$id
com.mcxsuregain.activity.R$integer
com.mcxsuregain.activity.R$layout
com.mcxsuregain.activity.R$menu
com.mcxsuregain.activity.R$string
com.mcxsuregain.activity.R$style
com.mcxsuregain.activity.R$styleable
...
android.support.v7.internal.widget.ActionBarOverlayLayout$LayoutParams:
    813:814:public ActionBarOverlayLayout$LayoutParams(android.view.ViewGroup$MarginLayoutParams)
android.support.v7.internal.widget.ActivityChooserModel
android.support.v7.internal.widget.ActivityChooserModel$1
android.support.v7.internal.widget.ActivityChooserModel$ActivityChooserModelClient
android.support.v7.internal.widget.ActivityChooserModel$ActivityResolveInfo
android.support.v7.internal.widget.ActivityChooserModel$ActivitySorter
android.support.v7.internal.widget.ActivityChooserModel$DefaultSorter
android.support.v7.internal.widget.ActivityChooserModel$HistoricalRecord
android.support.v7.internal.widget.ActivityChooserModel$OnChooseActivityListener
android.support.v7.internal.widget.ActivityChooserModel$PersistHistoryAsyncTask
android.support.v7.internal.widget.ActivityChooserView
android.support.v7.internal.widget.ActivityChooserView$1
android.support.v7.internal.widget.ActivityChooserView$2
android.support.v7.internal.widget.ActivityChooserView$3
android.support.v7.internal.widget.ActivityChooserView$ActivityChooserViewAdapter
android.support.v7.internal.widget.ActivityChooserView$Callbacks
android.support.v7.internal.widget.AdapterViewCompat:
    static final int ITEM_VIEW_TYPE_IGNORE
    static final int ITEM_VIEW_TYPE_HEADER_OR_FOOTER
    static final int SYNC_SELECTED_POSITION
    static final int SYNC_FIRST_POSITION
    static final int SYNC_MAX_DURATION_MILLIS
    public static final int INVALID_POSITION
    public static final long INVALID_ROW_ID
    230:231:AdapterViewCompat(android.content.Context)
    234:235:AdapterViewCompat(android.content.Context,android.util.AttributeSet)
    606:626:public int getPositionForView(android.view.View)
    767:768:public java.lang.Object getItemAtPosition(int)
android.support.v7.internal.widget.AdapterViewCompat$AdapterContextMenuInfo
android.support.v7.internal.widget.AdapterViewCompat$AdapterDataSetObserver:
    845:846:public void clearSavedState()
android.support.v7.internal.widget.AdapterViewCompat$OnItemClickListenerWrapper
android.support.v7.internal.widget.AdapterViewCompat$OnItemLongClickListener:
    public abstract boolean onItemLongClick(android.support.v7.internal.widget.AdapterViewCompat,android.view.View,int,long)
android.support.v7.internal.widget.DecorContentParent:
    public abstract java.lang.CharSequence getTitle()
    public abstract void setUiOptions(int)
    public abstract boolean hasIcon()
    public abstract boolean hasLogo()
    public abstract void setIcon(int)
    public abstract void setIcon(android.graphics.drawable.Drawable)
    public abstract void setLogo(int)
    public abstract void saveToolbarHierarchyState(android.util.SparseArray)
    public abstract void restoreToolbarHierarchyState(android.util.SparseArray)